<?xml version="1.0" encoding="UTF-8"?>
<!-- Generated by org.testng.reporters.JUnitReportReporter -->
<testsuite hostname="DESKTOP-RFS4DAD" failures="0" tests="6" name="testClasses.TestClass2" time="40.785" errors="0" timestamp="2022-10-06T13:27:16 IST" skipped="0">
  <testcase classname="testClasses.TestClass2" name="test2" time="0.009"/>
  <system-out/>
  <testcase classname="testClasses.TestClass2" name="test2" time="0.012"/>
  <system-out/>
  <testcase classname="testClasses.TestClass2" name="verifyusercanSearchProduct" time="3.686"/>
  <system-out/>
  <testcase classname="testClasses.TestClass2" name="verifyusercanSearchProduct" time="13.638"/>
  <system-out/>
  <testcase classname="testClasses.TestClass2" name="VerifyUserCanGetLowestPriceProductFromEachPage" time="11.736"/>
  <system-out/>
  <testcase classname="testClasses.TestClass2" name="VerifyUserCanGetLowestPriceProductFromEachPage" time="11.704"/>
  <system-out/>
</testsuite> <!-- testClasses.TestClass2 -->
